<?xml version="1.0" encoding="UTF-8"?>
<testng-results ignored="0" total="1" passed="1" failed="0" skipped="0">
  <reporter-output>
  </reporter-output>
  <suite started-at="2023-10-16T14:36:04 IST" name="Default suite" finished-at="2023-10-16T14:36:04 IST" duration-ms="41">
    <groups>
    </groups>
    <test started-at="2023-10-16T14:36:04 IST" name="Default test" finished-at="2023-10-16T14:36:04 IST" duration-ms="41">
      <class name="com_actitime_Testscript.maven_project">
        <test-method signature="editcustomer()[pri:0, instance:com_actitime_Testscript.maven_project@795509d9]" started-at="2023-10-16T14:36:04 IST" name="editcustomer" finished-at="2023-10-16T14:36:04 IST" duration-ms="8" status="PASS">
          <reporter-output>
          </reporter-output>
        </test-method> <!-- editcustomer -->
      </class> <!-- com_actitime_Testscript.maven_project -->
    </test> <!-- Default test -->
  </suite> <!-- Default suite -->
</testng-results>
